# JRE version: OpenJDK Runtime Environment (8.0_242-b01) (build 1.8.0_242-release-1644-b01)
# Java VM: OpenJDK 64-Bit Server VM (25.242-b01 mixed mode windows-amd64 compressed oops)
Heap:
 PSYoungGen      total 211968K, used 165994K [0x00000000d5580000, 0x00000000e5200000, 0x0000000100000000)
  eden space 196608K, 84% used [0x00000000d5580000,0x00000000df79a8b0,0x00000000e1580000)
  from space 15360K, 0% used [0x00000000e1580000,0x00000000e1580000,0x00000000e2480000)
  to   space 20480K, 0% used [0x00000000e3e00000,0x00000000e3e00000,0x00000000e5200000)
 ParOldGen       total 210944K, used 36168K [0x0000000080000000, 0x000000008ce00000, 0x00000000d5580000)
  object space 210944K, 17% used [0x0000000080000000,0x0000000082352208,0x000000008ce00000)
 Metaspace       used 61515K, capacity 64696K, committed 64936K, reserved 1105920K
  class space    used 8499K, capacity 9123K, committed 9136K, reserved 1048576K
GC Heap History (10 events):
Event: 5.668 GC heap before
{Heap before GC invocations=8 (full 1):
 PSYoungGen      total 126464K, used 57131K [0x00000000d5580000, 0x00000000ddd80000, 0x0000000100000000)
  eden space 115712K, 41% used [0x00000000d5580000,0x00000000d84bf1d0,0x00000000dc680000)
  from space 10752K, 81% used [0x00000000dd300000,0x00000000ddb8bbe0,0x00000000ddd80000)
  to   space 11776K, 0% used [0x00000000dc680000,0x00000000dc680000,0x00000000dd200000)
 ParOldGen       total 88064K, used 7307K [0x0000000080000000, 0x0000000085600000, 0x00000000d5580000)
  object space 88064K, 8% used [0x0000000080000000,0x0000000080722e20,0x0000000085600000)
 Metaspace       used 34624K, capacity 35422K, committed 35496K, reserved 1079296K
  class space    used 4746K, capacity 4972K, committed 5040K, reserved 1048576K
Event: 5.672 GC heap after
Heap after GC invocations=8 (full 1):
 PSYoungGen      total 127488K, used 9238K [0x00000000d5580000, 0x00000000e3380000, 0x0000000100000000)
  eden space 115712K, 0% used [0x00000000d5580000,0x00000000d5580000,0x00000000dc680000)
  from space 11776K, 78% used [0x00000000dc680000,0x00000000dcf85b10,0x00000000dd200000)
  to   space 11776K, 0% used [0x00000000e2800000,0x00000000e2800000,0x00000000e3380000)
 ParOldGen       total 88064K, used 7315K [0x0000000080000000, 0x0000000085600000, 0x00000000d5580000)
  object space 88064K, 8% used [0x0000000080000000,0x0000000080724e20,0x0000000085600000)
 Metaspace       used 34624K, capacity 35422K, committed 35496K, reserved 1079296K
  class space    used 4746K, capacity 4972K, committed 5040K, reserved 1048576K
}
Event: 5.672 GC heap before
{Heap before GC invocations=9 (full 2):
 PSYoungGen      total 127488K, used 9238K [0x00000000d5580000, 0x00000000e3380000, 0x0000000100000000)
  eden space 115712K, 0% used [0x00000000d5580000,0x00000000d5580000,0x00000000dc680000)
  from space 11776K, 78% used [0x00000000dc680000,0x00000000dcf85b10,0x00000000dd200000)
  to   space 11776K, 0% used [0x00000000e2800000,0x00000000e2800000,0x00000000e3380000)
 ParOldGen       total 88064K, used 7315K [0x0000000080000000, 0x0000000085600000, 0x00000000d5580000)
  object space 88064K, 8% used [0x0000000080000000,0x0000000080724e20,0x0000000085600000)
 Metaspace       used 34624K, capacity 35422K, committed 35496K, reserved 1079296K
  class space    used 4746K, capacity 4972K, committed 5040K, reserved 1048576K
Event: 5.707 GC heap after
Heap after GC invocations=9 (full 2):
 PSYoungGen      total 127488K, used 0K [0x00000000d5580000, 0x00000000e3380000, 0x0000000100000000)
  eden space 115712K, 0% used [0x00000000d5580000,0x00000000d5580000,0x00000000dc680000)
  from space 11776K, 0% used [0x00000000dc680000,0x00000000dc680000,0x00000000dd200000)
  to   space 11776K, 0% used [0x00000000e2800000,0x00000000e2800000,0x00000000e3380000)
 ParOldGen       total 136192K, used 15677K [0x0000000080000000, 0x0000000088500000, 0x00000000d5580000)
  object space 136192K, 11% used [0x0000000080000000,0x0000000080f4f458,0x0000000088500000)
 Metaspace       used 34624K, capacity 35422K, committed 35496K, reserved 1079296K
  class space    used 4746K, capacity 4972K, committed 5040K, reserved 1048576K
}
Event: 6.774 GC heap before
{Heap before GC invocations=10 (full 2):
 PSYoungGen      total 127488K, used 115712K [0x00000000d5580000, 0x00000000e3380000, 0x0000000100000000)
  eden space 115712K, 100% used [0x00000000d5580000,0x00000000dc680000,0x00000000dc680000)
  from space 11776K, 0% used [0x00000000dc680000,0x00000000dc680000,0x00000000dd200000)
  to   space 11776K, 0% used [0x00000000e2800000,0x00000000e2800000,0x00000000e3380000)
 ParOldGen       total 136192K, used 15677K [0x0000000080000000, 0x0000000088500000, 0x00000000d5580000)
  object space 136192K, 11% used [0x0000000080000000,0x0000000080f4f458,0x0000000088500000)
 Metaspace       used 44494K, capacity 45968K, committed 46120K, reserved 1089536K
  class space    used 6024K, capacity 6402K, committed 6448K, reserved 1048576K
Event: 6.782 GC heap after
Heap after GC invocations=10 (full 2):
 PSYoungGen      total 181248K, used 11769K [0x00000000d5580000, 0x00000000e3380000, 0x0000000100000000)
  eden space 169472K, 0% used [0x00000000d5580000,0x00000000d5580000,0x00000000dfb00000)
  from space 11776K, 99% used [0x00000000e2800000,0x00000000e337e448,0x00000000e3380000)
  to   space 15360K, 0% used [0x00000000e1580000,0x00000000e1580000,0x00000000e2480000)
 ParOldGen       total 136192K, used 21149K [0x0000000080000000, 0x0000000088500000, 0x00000000d5580000)
  object space 136192K, 15% used [0x0000000080000000,0x00000000814a7788,0x0000000088500000)
 Metaspace       used 44494K, capacity 45968K, committed 46120K, reserved 1089536K
  class space    used 6024K, capacity 6402K, committed 6448K, reserved 1048576K
}
Event: 7.907 GC heap before
{Heap before GC invocations=11 (full 2):
 PSYoungGen      total 181248K, used 161321K [0x00000000d5580000, 0x00000000e3380000, 0x0000000100000000)
  eden space 169472K, 88% used [0x00000000d5580000,0x00000000de78c1b8,0x00000000dfb00000)
  from space 11776K, 99% used [0x00000000e2800000,0x00000000e337e448,0x00000000e3380000)
  to   space 15360K, 0% used [0x00000000e1580000,0x00000000e1580000,0x00000000e2480000)
 ParOldGen       total 136192K, used 21149K [0x0000000080000000, 0x0000000088500000, 0x00000000d5580000)
  object space 136192K, 15% used [0x0000000080000000,0x00000000814a7788,0x0000000088500000)
 Metaspace       used 57025K, capacity 59022K, committed 59160K, reserved 1099776K
  class space    used 7809K, capacity 8288K, committed 8368K, reserved 1048576K
Event: 7.923 GC heap after
Heap after GC invocations=11 (full 2):
 PSYoungGen      total 211968K, used 15357K [0x00000000d5580000, 0x00000000e5200000, 0x0000000100000000)
  eden space 196608K, 0% used [0x00000000d5580000,0x00000000d5580000,0x00000000e1580000)
  from space 15360K, 99% used [0x00000000e1580000,0x00000000e247f7b0,0x00000000e2480000)
  to   space 20480K, 0% used [0x00000000e3e00000,0x00000000e3e00000,0x00000000e5200000)
 ParOldGen       total 136192K, used 29790K [0x0000000080000000, 0x0000000088500000, 0x00000000d5580000)
  object space 136192K, 21% used [0x0000000080000000,0x0000000081d17a68,0x0000000088500000)
 Metaspace       used 57025K, capacity 59022K, committed 59160K, reserved 1099776K
  class space    used 7809K, capacity 8288K, committed 8368K, reserved 1048576K
}
Event: 7.923 GC heap before
{Heap before GC invocations=12 (full 3):
 PSYoungGen      total 211968K, used 15357K [0x00000000d5580000, 0x00000000e5200000, 0x0000000100000000)
  eden space 196608K, 0% used [0x00000000d5580000,0x00000000d5580000,0x00000000e1580000)
  from space 15360K, 99% used [0x00000000e1580000,0x00000000e247f7b0,0x00000000e2480000)
  to   space 20480K, 0% used [0x00000000e3e00000,0x00000000e3e00000,0x00000000e5200000)
 ParOldGen       total 136192K, used 29790K [0x0000000080000000, 0x0000000088500000, 0x00000000d5580000)
  object space 136192K, 21% used [0x0000000080000000,0x0000000081d17a68,0x0000000088500000)
 Metaspace       used 57025K, capacity 59022K, committed 59160K, reserved 1099776K
  class space    used 7809K, capacity 8288K, committed 8368K, reserved 1048576K
Event: 8.054 GC heap after
Heap after GC invocations=12 (full 3):
 PSYoungGen      total 211968K, used 0K [0x00000000d5580000, 0x00000000e5200000, 0x0000000100000000)
  eden space 196608K, 0% used [0x00000000d5580000,0x00000000d5580000,0x00000000e1580000)
  from space 15360K, 0% used [0x00000000e1580000,0x00000000e1580000,0x00000000e2480000)
  to   space 20480K, 0% used [0x00000000e3e00000,0x00000000e3e00000,0x00000000e5200000)
 ParOldGen       total 210944K, used 36168K [0x0000000080000000, 0x000000008ce00000, 0x00000000d5580000)
  object space 210944K, 17% used [0x0000000080000000,0x0000000082352208,0x000000008ce00000)
 Metaspace       used 57005K, capacity 58956K, committed 59160K, reserved 1099776K
  class space    used 7804K, capacity 8277K, committed 8368K, reserved 1048576K
}

