# JRE version: OpenJDK Runtime Environment (8.0_242-b01) (build 1.8.0_242-release-1644-b01)
# Java VM: OpenJDK 64-Bit Server VM (25.242-b01 mixed mode windows-amd64 compressed oops)
Heap:
 PSYoungGen      total 321024K, used 26896K [0x00000000d5580000, 0x00000000eba80000, 0x0000000100000000)
  eden space 279552K, 0% used [0x00000000d5580000,0x00000000d5580000,0x00000000e6680000)
  from space 41472K, 64% used [0x00000000e9000000,0x00000000eaa44288,0x00000000eb880000)
  to   space 42496K, 0% used [0x00000000e6680000,0x00000000e6680000,0x00000000e9000000)
 ParOldGen       total 216064K, used 70116K [0x0000000080000000, 0x000000008d300000, 0x00000000d5580000)
  object space 216064K, 32% used [0x0000000080000000,0x0000000084479380,0x000000008d300000)
 Metaspace       used 93270K, capacity 98522K, committed 98600K, reserved 1134592K
  class space    used 12326K, capacity 13323K, committed 13352K, reserved 1048576K
GC Heap History (10 events):
Event: 7.164 GC heap after
Heap after GC invocations=15 (full 3):
 PSYoungGen      total 235520K, used 15040K [0x00000000d5580000, 0x00000000e5180000, 0x0000000100000000)
  eden space 216064K, 0% used [0x00000000d5580000,0x00000000d5580000,0x00000000e2880000)
  from space 19456K, 77% used [0x00000000e3e80000,0x00000000e4d302c0,0x00000000e5180000)
  to   space 20992K, 0% used [0x00000000e2880000,0x00000000e2880000,0x00000000e3d00000)
 ParOldGen       total 216064K, used 35617K [0x0000000080000000, 0x000000008d300000, 0x00000000d5580000)
  object space 216064K, 16% used [0x0000000080000000,0x00000000822c8660,0x000000008d300000)
 Metaspace       used 66441K, capacity 68926K, committed 68992K, reserved 1107968K
  class space    used 9055K, capacity 9556K, committed 9600K, reserved 1048576K
}
Event: 8.109 GC heap before
{Heap before GC invocations=16 (full 3):
 PSYoungGen      total 235520K, used 231104K [0x00000000d5580000, 0x00000000e5180000, 0x0000000100000000)
  eden space 216064K, 100% used [0x00000000d5580000,0x00000000e2880000,0x00000000e2880000)
  from space 19456K, 77% used [0x00000000e3e80000,0x00000000e4d302c0,0x00000000e5180000)
  to   space 20992K, 0% used [0x00000000e2880000,0x00000000e2880000,0x00000000e3d00000)
 ParOldGen       total 216064K, used 35617K [0x0000000080000000, 0x000000008d300000, 0x00000000d5580000)
  object space 216064K, 16% used [0x0000000080000000,0x00000000822c8660,0x000000008d300000)
 Metaspace       used 74518K, capacity 78536K, committed 78848K, reserved 1118208K
  class space    used 10198K, capacity 10899K, committed 11008K, reserved 1048576K
Event: 8.120 GC heap after
Heap after GC invocations=16 (full 3):
 PSYoungGen      total 237056K, used 20986K [0x00000000d5580000, 0x00000000e7b00000, 0x0000000100000000)
  eden space 216064K, 0% used [0x00000000d5580000,0x00000000d5580000,0x00000000e2880000)
  from space 20992K, 99% used [0x00000000e2880000,0x00000000e3cfe930,0x00000000e3d00000)
  to   space 25600K, 0% used [0x00000000e6200000,0x00000000e6200000,0x00000000e7b00000)
 ParOldGen       total 216064K, used 40380K [0x0000000080000000, 0x000000008d300000, 0x00000000d5580000)
  object space 216064K, 18% used [0x0000000080000000,0x000000008276f268,0x000000008d300000)
 Metaspace       used 74518K, capacity 78536K, committed 78848K, reserved 1118208K
  class space    used 10198K, capacity 10899K, committed 11008K, reserved 1048576K
}
Event: 8.621 GC heap before
{Heap before GC invocations=17 (full 3):
 PSYoungGen      total 237056K, used 237050K [0x00000000d5580000, 0x00000000e7b00000, 0x0000000100000000)
  eden space 216064K, 100% used [0x00000000d5580000,0x00000000e2880000,0x00000000e2880000)
  from space 20992K, 99% used [0x00000000e2880000,0x00000000e3cfe930,0x00000000e3d00000)
  to   space 25600K, 0% used [0x00000000e6200000,0x00000000e6200000,0x00000000e7b00000)
 ParOldGen       total 216064K, used 40380K [0x0000000080000000, 0x000000008d300000, 0x00000000d5580000)
  object space 216064K, 18% used [0x0000000080000000,0x000000008276f268,0x000000008d300000)
 Metaspace       used 75308K, capacity 79292K, committed 79616K, reserved 1118208K
  class space    used 10249K, capacity 10933K, committed 11008K, reserved 1048576K
Event: 8.634 GC heap after
Heap after GC invocations=17 (full 3):
 PSYoungGen      total 270336K, used 25592K [0x00000000d5580000, 0x00000000e8980000, 0x0000000100000000)
  eden space 244736K, 0% used [0x00000000d5580000,0x00000000d5580000,0x00000000e4480000)
  from space 25600K, 99% used [0x00000000e6200000,0x00000000e7afe0e0,0x00000000e7b00000)
  to   space 30208K, 0% used [0x00000000e4480000,0x00000000e4480000,0x00000000e6200000)
 ParOldGen       total 216064K, used 43086K [0x0000000080000000, 0x000000008d300000, 0x00000000d5580000)
  object space 216064K, 19% used [0x0000000080000000,0x0000000082a13bc0,0x000000008d300000)
 Metaspace       used 75308K, capacity 79292K, committed 79616K, reserved 1118208K
  class space    used 10249K, capacity 10933K, committed 11008K, reserved 1048576K
}
Event: 509.075 GC heap before
{Heap before GC invocations=18 (full 3):
 PSYoungGen      total 270336K, used 270328K [0x00000000d5580000, 0x00000000e8980000, 0x0000000100000000)
  eden space 244736K, 100% used [0x00000000d5580000,0x00000000e4480000,0x00000000e4480000)
  from space 25600K, 99% used [0x00000000e6200000,0x00000000e7afe0e0,0x00000000e7b00000)
  to   space 30208K, 0% used [0x00000000e4480000,0x00000000e4480000,0x00000000e6200000)
 ParOldGen       total 216064K, used 43086K [0x0000000080000000, 0x000000008d300000, 0x00000000d5580000)
  object space 216064K, 19% used [0x0000000080000000,0x0000000082a13bc0,0x000000008d300000)
 Metaspace       used 83151K, capacity 87710K, committed 88064K, reserved 1126400K
  class space    used 11038K, capacity 11905K, committed 12032K, reserved 1048576K
Event: 509.111 GC heap after
Heap after GC invocations=18 (full 3):
 PSYoungGen      total 274944K, used 30181K [0x00000000d5580000, 0x00000000eb880000, 0x0000000100000000)
  eden space 244736K, 0% used [0x00000000d5580000,0x00000000d5580000,0x00000000e4480000)
  from space 30208K, 99% used [0x00000000e4480000,0x00000000e61f97a8,0x00000000e6200000)
  to   space 41472K, 0% used [0x00000000e9000000,0x00000000e9000000,0x00000000eb880000)
 ParOldGen       total 216064K, used 61313K [0x0000000080000000, 0x000000008d300000, 0x00000000d5580000)
  object space 216064K, 28% used [0x0000000080000000,0x0000000083be05d0,0x000000008d300000)
 Metaspace       used 83151K, capacity 87710K, committed 88064K, reserved 1126400K
  class space    used 11038K, capacity 11905K, committed 12032K, reserved 1048576K
}
Event: 510.591 GC heap before
{Heap before GC invocations=19 (full 3):
 PSYoungGen      total 274944K, used 243671K [0x00000000d5580000, 0x00000000eb880000, 0x0000000100000000)
  eden space 244736K, 87% used [0x00000000d5580000,0x00000000e25fc6e0,0x00000000e4480000)
  from space 30208K, 99% used [0x00000000e4480000,0x00000000e61f97a8,0x00000000e6200000)
  to   space 41472K, 0% used [0x00000000e9000000,0x00000000e9000000,0x00000000eb880000)
 ParOldGen       total 216064K, used 61313K [0x0000000080000000, 0x000000008d300000, 0x00000000d5580000)
  object space 216064K, 28% used [0x0000000080000000,0x0000000083be05d0,0x000000008d300000)
 Metaspace       used 93270K, capacity 98522K, committed 98600K, reserved 1134592K
  class space    used 12326K, capacity 13323K, committed 13352K, reserved 1048576K
Event: 510.609 GC heap after
Heap after GC invocations=19 (full 3):
 PSYoungGen      total 321024K, used 26896K [0x00000000d5580000, 0x00000000eba80000, 0x0000000100000000)
  eden space 279552K, 0% used [0x00000000d5580000,0x00000000d5580000,0x00000000e6680000)
  from space 41472K, 64% used [0x00000000e9000000,0x00000000eaa44288,0x00000000eb880000)
  to   space 42496K, 0% used [0x00000000e6680000,0x00000000e6680000,0x00000000e9000000)
 ParOldGen       total 216064K, used 70116K [0x0000000080000000, 0x000000008d300000, 0x00000000d5580000)
  object space 216064K, 32% used [0x0000000080000000,0x0000000084479380,0x000000008d300000)
 Metaspace       used 93270K, capacity 98522K, committed 98600K, reserved 1134592K
  class space    used 12326K, capacity 13323K, committed 13352K, reserved 1048576K
}
Event: 510.609 GC heap before
{Heap before GC invocations=20 (full 4):
 PSYoungGen      total 321024K, used 26896K [0x00000000d5580000, 0x00000000eba80000, 0x0000000100000000)
  eden space 279552K, 0% used [0x00000000d5580000,0x00000000d5580000,0x00000000e6680000)
  from space 41472K, 64% used [0x00000000e9000000,0x00000000eaa44288,0x00000000eb880000)
  to   space 42496K, 0% used [0x00000000e6680000,0x00000000e6680000,0x00000000e9000000)
 ParOldGen       total 216064K, used 70116K [0x0000000080000000, 0x000000008d300000, 0x00000000d5580000)
  object space 216064K, 32% used [0x0000000080000000,0x0000000084479380,0x000000008d300000)
 Metaspace       used 93270K, capacity 98522K, committed 98600K, reserved 1134592K
  class space    used 12326K, capacity 13323K, committed 13352K, reserved 1048576K

